
     EMPNO ENAME      JOB              MGR HIREDATE         SAL       COMM     DEPTNO               
---------- ---------- --------- ---------- --------- ---------- ---------- ----------               
      7369 SMITH      CLERK           7902 17-DEC-80        800                    20               
      7499 ALLEN      SALESMAN        7698 20-FEB-81       1600        300         30               
      7521 WARD       SALESMAN        7698 22-FEB-81       1250        500         30               
      7566 JONES      MANAGER         7839 02-APR-81       2975                    20               
      7654 MARTIN     SALESMAN        7698 28-SEP-81       1250       1400         30               
      7698 BLAKE      MANAGER         7839 01-MAY-81       2850                    30               
      7782 CLARK      MANAGER         7839 09-JUN-81       2450                    10               
      7788 SCOTT      ANALYST         7566 19-APR-87       3000                    20               
      7839 KING       PRESIDENT            17-NOV-81       5000                    10               
      7844 TURNER     SALESMAN        7698 08-SEP-81       1500          0         30               
      7876 ADAMS      CLERK           7788 23-MAY-87       1100                    20               
      7900 JAMES      CLERK           7698 03-DEC-81        950                    30               
      7902 FORD       ANALYST         7566 03-DEC-81       3000                    20               
      7934 MILLER     CLERK           7782 23-JAN-82       1300                    10               

14 rows selected.


SQL> SELECT *
  2  FROM EMP
  3  WHERE EMPNO IN (SELECT MGR
  4  FROM EMP
  5  WHERE ENAME = 'SMITH');

     EMPNO ENAME      JOB              MGR HIREDATE         SAL       COMM     DEPTNO               
---------- ---------- --------- ---------- --------- ---------- ---------- ----------               
      7902 FORD       ANALYST         7566 03-DEC-81       3000                    20               

SQL> SELECT *
  2  FROM EMP
  3  WHERE EMPNO IN (SELECT MGR
  4  FROM EMP
  5  WHERE EMPNO IN(SELECT MGR
  6  FROM EMP
  7  WHERE ENAME = 'ADAMS'));

     EMPNO ENAME      JOB              MGR HIREDATE         SAL       COMM     DEPTNO               
---------- ---------- --------- ---------- --------- ---------- ---------- ----------               
      7566 JONES      MANAGER         7839 02-APR-81       2975                    20               


 SQL> SELECT DNAME 
  2  FROM DEPT
  3  WHERE DEPTNO IN (SELECT DEPTNO
  4  FROM EMP
  5  WHERE EMPNO IN (SELECT MGR
  6  FROM EMP
  7  WHERE ENAME = 'JONES'));

DNAME
--------------
ACCOUNTING                                                                                    


  1  SELECT SAL
  2  FROM EMP
  3  WHERE EMPNO IN (SELECT MGR
  4  FROM EMP
  5* WHERE ENAME = 'MILLER')
  6  /

       SAL                                                                                          
----------                                                                                          
      2450                                                                                          


  1  SELECT LOC
  2  FROM DEPT
  3  WHERE DEPTNO IN (SELECT DEPTNO
  4  FROM EMP
  5  WHERE EMPNO IN (SELECT MGR
  6  FROM EMP
  7  WHERE EMPNO IN (SELECT MGR
  8  FROM EMP
  9* WHERE ENAME = 'SMITH')))
SQL> /

LOC                                                                                                 
-------------                                                                                       
DALLAS                                                                                              

SQL> SELECT *
  2  FROM EMP
  3  WHERE MGR IN (SELECT EMPNO
  4  FROM EMP
  5  WHERE ENAME = 'BLAKE');

     EMPNO ENAME      JOB              MGR HIREDATE         SAL       COMM     DEPTNO               
---------- ---------- --------- ---------- --------- ---------- ---------- ----------               
      7499 ALLEN      SALESMAN        7698 20-FEB-81       1600        300         30               
      7521 WARD       SALESMAN        7698 22-FEB-81       1250        500         30               
      7654 MARTIN     SALESMAN        7698 28-SEP-81       1250       1400         30               
      7844 TURNER     SALESMAN        7698 08-SEP-81       1500          0         30               
      7900 JAMES      CLERK           7698 03-DEC-81        950                    30               


  1   SELECT *
  2   FROM EMP
  3   WHERE MGR IN (SELECT EMPNO
  4   FROM EMP
  5*  WHERE ENAME = 'KING')
SQL> /

     EMPNO ENAME      JOB              MGR HIREDATE         SAL       COMM     DEPTNO               
---------- ---------- --------- ---------- --------- ---------- ---------- ----------               
      7566 JONES      MANAGER         7839 02-APR-81       2975                    20               
      7698 BLAKE      MANAGER         7839 01-MAY-81       2850                    30               
      7782 CLARK      MANAGER         7839 09-JUN-81       2450                    10               


  1  SELECT *
  2  FROM EMP
  3  WHERE MGR IN (SELECT EMPNO
  4  FROM EMP
  5* WHERE ENAME = 'JONES')
SQL> /

     EMPNO ENAME      JOB              MGR HIREDATE         SAL       COMM     DEPTNO               
---------- ---------- --------- ---------- --------- ---------- ---------- ----------               
      7788 SCOTT      ANALYST         7566 19-APR-87       3000                    20               
      7902 FORD       ANALYST         7566 03-DEC-81       3000                    20               



  1  SELECT *
  2  FROM EMP
  3  WHERE MGR IN (SELECT EMPNO
  4  FROM EMP
  5* WHERE ENAME = 'BLAKE')
SQL> /

     EMPNO ENAME      JOB              MGR HIREDATE         SAL       COMM     DEPTNO               
---------- ---------- --------- ---------- --------- ---------- ---------- ----------               
      7499 ALLEN      SALESMAN        7698 20-FEB-81       1600        300         30               
      7521 WARD       SALESMAN        7698 22-FEB-81       1250        500         30               
      7654 MARTIN     SALESMAN        7698 28-SEP-81       1250       1400         30               
      7844 TURNER     SALESMAN        7698 08-SEP-81       1500          0         30               
      7900 JAMES      CLERK           7698 03-DEC-81        950                    30               




  1  SELECT ENAME
  2  FROM EMP
  3  WHERE MGR IN (SELECT EMPNO
  4  FROM EMP
  5  WHERE EMPNO IN (SELECT MGR
  6  FROM EMP
  7* WHERE ENAME = 'BLAKE'))
SQL> /

ENAME
----------
CLARK
BLAKE
JONES


  1  SELECT COUNT(EMPNO)
  2    FROM EMP
  3    WHERE MGR IN (SELECT EMPNO
  4    FROM EMP
  5    WHERE EMPNO IN (SELECT MGR
  6    FROM EMP
  7*   WHERE ENAME = 'FORD'))
  8  /

COUNT(EMPNO)
------------
           2

